<dummy-root>
<!--
  article-docinfo.xml
  Example DocBook document information file for article.txt.
-->

<authorgroup>
  <author>
<!--
    <honorific>Dr</honorific>
-->
    <firstname>Hugh</firstname>
    <surname>Greene</surname>
    <affiliation>
<!--
      <shortaffil>Director, M. Behn School of Coop. Eng.</shortaffil>
-->
      <jobtitle>Indepenent Hacker</jobtitle>
      <orgname>[TODO: Insert Discordian made-up stuff here]</orgname>
    </affiliation>
  </author>

<!--
  <editor>
    <firstname>Peter</firstname>
    <surname>Pan</surname>
    <lineage>Sr.</lineage>
    <othername>Spiderman</othername>
    <authorblurb>
      <para>
      Peter's a super hero in his spare time.
      </para>
    </authorblurb>
  </editor>
-->
</authorgroup>

<othercredit>
    <firstname>Richard</firstname>
    <surname>Greene</surname>
    <contrib>Advice, inspiration, and detailed review</contrib>
<!--
    <othername role='mi'>T</othername>
    <affiliation>
      <shortaffil>ATI</shortaffil>
      <jobtitle>Senior Application Analyst</jobtitle>
      <orgname>Foobar, Inc.</orgname>
      <orgdiv>Application Development</orgdiv>
    </affiliation>
-->
</othercredit>

<othercredit>
    <firstname>Susan</firstname>
    <surname>Dickson</surname>
    <contrib>Support and random ideas</contrib>
</othercredit>

<releaseinfo>
    Alpha release from <my-version-info/>.
</releaseinfo>

<abstract>
  <simpara>
    Abstract goes here (possibly including sidebars) ...
  </simpara>
</abstract>

<copyright>
  <year>2009-2012</year>
  <holder>... Kopyleft!</holder>
</copyright>

<legalnotice>
  <simpara>
    All Rights Reversed.  You may do what you like with this text.
    [TODO: Insert something about White Wolf terms and lawyers.]
  </simpara>
<!--
  <simpara>
    This program is distributed in the hope that it will be useful,
    but WITHOUT ANY WARRANTY; without even the implied warranty of
    MERCHANTABILITY or FITNESS FOR A PARTICULAR PURPOSE.  See the
    GNU General Public License for more details.
  </simpara>
  <simpara>
    You should have received a copy of the GNU General Public License
    along with this program; if not, write to the Free Software
    Foundation, Inc., 675 Mass Ave, Cambridge, MA 02139, USA.
  </simpara>
-->
</legalnotice>

<!--
<revhistory>
  <revision>
    <revnumber>1.1</revnumber>
    <date>May 2009</date>
    <authorinitials>PP</authorinitials>
    <revremark>
      Updates.
    </revremark>
  </revision>
  <revision>
    <revnumber>1.0</revnumber>
    <date>October 2003</date>
    <authorinitials>PP</authorinitials>
    <revremark>
      First release.
    </revremark>
  </revision>
</revhistory>
-->
</dummy-root>
